Policy policy.url.2=file:/home/talend/.java.policy wasn't successfully parsed. Exception message: /home/talend/.java.policy (No such file or directory)
[2022-04-26T06:51:26,007] [INFO ] o.t.d.s.FullRunJob$ - [ option: runtimeFlow runtimeFlow  [ARG] :: Base64 encoded runtimeflow ]
[2022-04-26T06:51:26,012] [INFO ] o.t.d.s.FullRunJob$ - [ option: pluginIds pluginIds  [ARG] :: Ignored ]
[2022-04-26T06:51:26,012] [INFO ] o.t.d.s.FullRunJob$ - [ option: metricsSinkUrl metricsSinkUrl  [ARG] :: Metrics sink URL ]
[2022-04-26T06:51:26,012] [INFO ] o.t.d.s.FullRunJob$ - [ option: metricsRefreshInterval metricsRefreshInterval  [ARG] :: Metrics refresh interval ]
[2022-04-26T06:51:26,012] [INFO ] o.t.d.s.FullRunJob$ - Reading RuntimeFlow from runtimeFlow argument
[2022-04-26T06:51:26,167] [INFO ] v.JsonUtils$ - Getting Vault key name from the received payload
[2022-04-26T06:51:26,371] [INFO ] v.JsonUtils$ - Scanning the received payload to filter the Vault values
[2022-04-26T06:51:26,545] [INFO ] v.JsonUtils$ - Matched 18 value(s) with prefix in the payload
[2022-04-26T06:51:26,547] [INFO ] v.VaultClient - Trying to read the Vault token from /vault_token/token
[2022-04-26T06:51:27,695] [INFO ] v.VaultProxy - Done decrypting payload entries
[2022-04-26T06:51:27,695] [INFO ] v.VaultProxy - Starting to update encrypted values in original payload
[2022-04-26T06:51:27,697] [INFO ] v.JsonUtils$ - Done updating payload entries
[2022-04-26T06:51:28,592] [INFO ] o.t.d.s.u.MetricsHelper$ - Using Metrics parameters from Livy environment variables
[2022-04-26T06:51:28,665] [INFO ] o.t.d.s.FullRunJob$ - Beam pipeline full run, downloading dictionary at runtime.
[2022-04-26T06:51:28,706] [INFO ] o.t.d.s.a.CategoryRegistryManager - Loading categories from local registry.
[2022-04-26T06:51:28,708] [INFO ] o.t.d.s.a.CategoryRegistryManager - trying to load base index from jar:file:/opt/datastreams-deps/org/talend/dataquality/dataquality-semantic/9.3.3/dataquality-semantic-9.3.3.jar!/metadata
[2022-04-26T06:51:28,711] [INFO ] o.t.d.s.i.ClassPathDirectory - Opening 'jar:file:/opt/datastreams-deps/org/talend/dataquality/dataquality-semantic/9.3.3/dataquality-semantic-9.3.3.jar!/metadata' ...
[2022-04-26T06:51:28,761] [INFO ] o.t.d.s.i.JARDirectory - Extracting index to temporary directory: /tmp/dict/indexFolder/shared/prod/metadata
[2022-04-26T06:51:28,775] [INFO ] o.t.d.s.a.CategoryRegistryManager - trying to load base index from jar:file:/opt/datastreams-deps/org/talend/dataquality/dataquality-semantic/9.3.3/dataquality-semantic-9.3.3.jar!/dictionary
[2022-04-26T06:51:28,775] [INFO ] o.t.d.s.i.ClassPathDirectory - Opening 'jar:file:/opt/datastreams-deps/org/talend/dataquality/dataquality-semantic/9.3.3/dataquality-semantic-9.3.3.jar!/dictionary' ...
[2022-04-26T06:51:28,775] [INFO ] o.t.d.s.i.JARDirectory - Extracting index to temporary directory: /tmp/dict/indexFolder/shared/prod/dictionary
[2022-04-26T06:51:28,885] [INFO ] o.t.d.s.a.CategoryRegistryManager - trying to load base index from jar:file:/opt/datastreams-deps/org/talend/dataquality/dataquality-semantic/9.3.3/dataquality-semantic-9.3.3.jar!/keyword
[2022-04-26T06:51:28,885] [INFO ] o.t.d.s.i.ClassPathDirectory - Opening 'jar:file:/opt/datastreams-deps/org/talend/dataquality/dataquality-semantic/9.3.3/dataquality-semantic-9.3.3.jar!/keyword' ...
[2022-04-26T06:51:28,885] [INFO ] o.t.d.s.i.JARDirectory - Extracting index to temporary directory: /tmp/dict/indexFolder/shared/prod/keyword
[2022-04-26T06:51:29,197] [INFO ] o.t.d.s.i.ClassPathDirectory - Opening 'file:///tmp/dict/indexFolder/shared/prod/dictionary/' ...
[2022-04-26T06:51:29,197] [INFO ] o.t.d.s.i.ClassPathDirectory - Opening 'file:///tmp/dict/indexFolder/shared/prod/keyword/' ...
[2022-04-26T06:51:29,863] [INFO ] o.t.d.s.FullRunJob$ - Got dictionary 0 from MavenDictionaryProviderTempCopy.
[2022-04-26T06:51:29,879] [INFO ] o.t.d.s.u.ReplicateContentHelper$ - Disabling Beam splittable DoFns for compatibility reasons
[2022-04-26T06:51:29,949] [INFO ] o.t.d.s.FullRunJob$ - Done parsing and validating the RuntimeFlow, starting the job...
[2022-04-26T06:51:30,183] [INFO ] o.t.s.c.c.ContainerManager - No TALEND-INF/plugins.properties found, will use file resolution
[2022-04-26T06:51:30,274] [INFO ] o.t.s.c.r.m.ComponentManager - ComponentManager version: 1.42.0
[2022-04-26T06:51:30,277] [INFO ] o.t.s.c.r.m.ComponentManager - Creating the contextual ComponentManager instance (classloader=jdk.internal.loader.ClassLoaders$AppClassLoader@14dad5dc, jvm=1@pipeline-runner-3c997315-5c92-4568-8508-76ee94b0d184-ng8c7)
[2022-04-26T06:51:30,279] [INFO ] o.t.s.c.r.m.ComponentManager - Components: []
[2022-04-26T06:51:30,279] [INFO ] o.t.s.c.r.m.ComponentManager - Created the contextual ComponentManager instance (classloader=jdk.internal.loader.ClassLoaders$AppClassLoader@14dad5dc, jvm=1@pipeline-runner-3c997315-5c92-4568-8508-76ee94b0d184-ng8c7)
[2022-04-26T06:51:30,282] [INFO ] o.t.d.t.ConnectorsRepoContainerFinder - Initializing from /opt/talend/connectors
[2022-04-26T06:51:30,290] [INFO ] o.t.s.c.c.ContainerManager - Creating module /opt/talend/connectors/org/talend/components/localstorage/1.31.1/localstorage-1.31.1.jar (from /opt/talend/connectors/org/talend/components/localstorage/1.31.1/localstorage-1.31.1.jar, location=/opt/talend/connectors/org/talend/components/localstorage/1.31.1/localstorage-1.31.1.jar)
WARNING: An illegal reflective access operation has occurred
WARNING: Illegal reflective access by org.talend.sdk.component.runtime.manager.asm.Unsafes (file:/opt/datastreams-deps/org/talend/sdk/component/component-runtime-manager/1.42.0/component-runtime-manager-1.42.0.jar) to method java.lang.ClassLoader.defineClass(java.lang.String,byte[],int,int)
WARNING: Please consider reporting this to the maintainers of org.talend.sdk.component.runtime.manager.asm.Unsafes
WARNING: Use --illegal-access=warn to enable warnings of further illegal reflective access operations
WARNING: All illegal access operations will be denied in a future release
[2022-04-26T06:51:31,176] [INFO ] o.t.s.c.r.m.ComponentManager - Added @Service class org.talend.components.fileio.hdfs.SimpleFileIOService for container-id=localstorage
[2022-04-26T06:51:31,247] [INFO ] o.t.s.c.r.m.ComponentManager - Added @Service class org.talend.components.fileio.configuration.AutoDetectService for container-id=localstorage
[2022-04-26T06:51:31,250] [INFO ] o.t.s.c.r.m.ComponentManager - Added @Service class org.talend.components.fileio.s3.S3Service for container-id=localstorage
[2022-04-26T06:51:31,251] [INFO ] o.t.s.c.r.m.ComponentManager - Added @Service class org.talend.components.localstorage.LocaStorageAutoDetectService for container-id=localstorage
[2022-04-26T06:51:31,253] [INFO ] o.t.s.c.r.m.ComponentManager - Added @Service class org.talend.components.localstorage.presignedurl.PresignedURLService for container-id=localstorage
[2022-04-26T06:51:31,280] [INFO ] o.t.s.c.r.m.ComponentManager - Parsed component class org.talend.components.localstorage.LocalStorageInput for container-id=localstorage
[2022-04-26T06:51:31,285] [INFO ] o.t.s.c.r.m.ComponentManager - Parsed component class org.talend.components.localstorage.LocalStorageOutput for container-id=localstorage
[2022-04-26T06:51:31,357] [INFO ] o.t.s.c.c.ContainerManager - Created container localstorage
[2022-04-26T06:51:31,357] [INFO ] o.t.s.c.r.m.ComponentManager - Adding plugin: /opt/talend/connectors/org/talend/components/localstorage/1.31.1/localstorage-1.31.1.jar, as localstorage
[2022-04-26T06:51:31,358] [INFO ] o.t.s.c.c.ContainerManager - Creating module /opt/talend/connectors/org/talend/components/processing-beam/1.31.1/processing-beam-1.31.1.jar (from /opt/talend/connectors/org/talend/components/processing-beam/1.31.1/processing-beam-1.31.1.jar, location=/opt/talend/connectors/org/talend/components/processing-beam/1.31.1/processing-beam-1.31.1.jar)
[2022-04-26T06:51:31,555] [INFO ] o.t.s.c.r.m.ComponentManager - Added @Service class org.talend.components.processing.ProcessingService for container-id=processing-beam
[2022-04-26T06:51:31,664] [INFO ] o.t.s.c.r.m.ComponentManager - Added @Service class org.talend.components.processing.join.JoinService for container-id=processing-beam
[2022-04-26T06:51:31,672] [INFO ] o.t.s.c.r.m.ComponentManager - Parsed component class org.talend.components.processing.aggregate.Aggregate for container-id=processing-beam
[2022-04-26T06:51:31,676] [INFO ] o.t.s.c.r.m.ComponentManager - Parsed component class org.talend.components.processing.applyschema.ApplySchema for container-id=processing-beam
[2022-04-26T06:51:31,696] [INFO ] o.t.s.c.r.m.ComponentManager - Parsed component class org.talend.components.processing.fieldselector.FieldSelector for container-id=processing-beam
[2022-04-26T06:51:31,761] [INFO ] o.t.s.c.r.m.ComponentManager - Parsed component class org.talend.components.processing.filter.Filter for container-id=processing-beam
[2022-04-26T06:51:31,763] [INFO ] o.t.s.c.r.m.ComponentManager - Parsed component class org.talend.components.processing.filter.SemanticFilter for container-id=processing-beam
[2022-04-26T06:51:31,766] [INFO ] o.t.s.c.r.m.ComponentManager - Parsed component class org.talend.components.processing.filter.TechnicalFilter for container-id=processing-beam
[2022-04-26T06:51:31,769] [INFO ] o.t.s.c.r.m.ComponentManager - Parsed component class org.talend.components.processing.flatten.Flatten for container-id=processing-beam
[2022-04-26T06:51:31,779] [INFO ] o.t.s.c.r.m.ComponentManager - Parsed component class org.talend.components.processing.join.JoinJobBuilder for container-id=processing-beam
[2022-04-26T06:51:31,846] [INFO ] o.t.s.c.r.m.ComponentManager - Parsed component class org.talend.components.processing.limit.Limit for container-id=processing-beam
[2022-04-26T06:51:31,847] [INFO ] o.t.s.c.r.m.ComponentManager - Parsed component class org.talend.components.processing.limit.Sample for container-id=processing-beam
[2022-04-26T06:51:31,852] [INFO ] o.t.s.c.r.m.ComponentManager - Parsed component class org.talend.components.processing.python.Python for container-id=processing-beam
[2022-04-26T06:51:31,855] [INFO ] o.t.s.c.r.m.ComponentManager - Parsed component class org.talend.components.processing.replicate.Replicate for container-id=processing-beam
[2022-04-26T06:51:31,864] [INFO ] o.t.s.c.r.m.ComponentManager - Parsed component class org.talend.components.processing.sampling.Sampling for container-id=processing-beam
[2022-04-26T06:51:31,867] [INFO ] o.t.s.c.r.m.ComponentManager - Parsed component class org.talend.components.processing.typeconverter.TypeConverter for container-id=processing-beam
[2022-04-26T06:51:31,873] [INFO ] o.t.s.c.r.m.ComponentManager - Parsed component class org.talend.components.processing.window.Window for container-id=processing-beam
[2022-04-26T06:51:31,878] [INFO ] o.t.s.c.c.ContainerManager - Created container processing-beam
[2022-04-26T06:51:31,879] [INFO ] o.t.s.c.r.m.ComponentManager - Adding plugin: /opt/talend/connectors/org/talend/components/processing-beam/1.31.1/processing-beam-1.31.1.jar, as processing-beam
[2022-04-26T06:51:34,181] [INFO ] o.t.d.b.c.r.RuntimeFlowBeamCompilerContext - Creating Beam Pipeline by: class com.sun.proxy.$Proxy112
[2022-04-26T06:51:34,382] [INFO ] o.a.b.s.i.a.s.DefaultS3ClientBuilderFactory - The AWS S3 Beam extension was included in this build, but the awsRegion flag was not specified. If you don't plan to use S3, then ignore this message.
[2022-04-26T06:51:34,799] [INFO ] o.t.d.b.c.BeamCompiler - Start to resolve runtime for component bG9jYWxzdG9yYWdlI0xvY2FsU3RvcmFnZSNMb2NhbFN0b3JhZ2VJbnB1dA (id=364f833c-e0e8-4124-ab53-c330b3a59ba4)
[2022-04-26T06:51:34,847] [INFO ] o.t.d.b.c.r.GenericRuntimeBuilder - ====== Get runtime of a component ======
[2022-04-26T06:51:34,851] [INFO ] o.t.d.b.c.r.GenericRuntimeBuilder - localstorage#LocalStorage#LocalStorageInput
[2022-04-26T06:51:34,853] [INFO ] o.t.d.b.c.r.GenericRuntimeBuilder - Selected a component of type: MAPPER
[2022-04-26T06:51:34,857] [INFO ] o.t.d.b.c.r.GenericRuntimeBuilder - Component version is: 1
[2022-04-26T06:51:35,284] [WARN ] o.t.s.c.r.b.s.BeamComponentExtension - Creating a 'interface org.talend.sdk.component.runtime.input.Mapper' instance for 'LocalStorage#LocalStorageInput', this must be unwrapped before being used
[2022-04-26T06:51:35,291] [INFO ] o.t.d.b.c.BeamCompiler - Tacokit component runtime: WrapperInputPTransform
[2022-04-26T06:51:36,074] [WARN ] o.a.h.u.NativeCodeLoader - Unable to load native-hadoop library for your platform... using builtin-java classes where applicable
[2022-04-26T06:51:36,960] [WARN ] o.a.h.m.i.MetricsConfig - Cannot locate configuration: tried hadoop-metrics2-s3a-file-system.properties,hadoop-metrics2.properties
[2022-04-26T06:51:36,977] [INFO ] o.a.h.m.i.MetricsSystemImpl - Scheduled Metric snapshot period at 10 second(s).
[2022-04-26T06:51:36,977] [INFO ] o.a.h.m.i.MetricsSystemImpl - s3a-file-system metrics system started
[2022-04-26T06:51:39,992] [INFO ] o.t.c.f.r.SimpleRecordFormatCsvIO - success to fetch the schema : [org.talend.components.fileio.runtime.SimpleRecordFormatCsvIO$FieldInfo@3fd9c5db, org.talend.components.fileio.runtime.SimpleRecordFormatCsvIO$FieldInfo@a256322, org.talend.components.fileio.runtime.SimpleRecordFormatCsvIO$FieldInfo@6860341b, org.talend.components.fileio.runtime.SimpleRecordFormatCsvIO$FieldInfo@668b1faf, org.talend.components.fileio.runtime.SimpleRecordFormatCsvIO$FieldInfo@170df9b8, org.talend.components.fileio.runtime.SimpleRecordFormatCsvIO$FieldInfo@3610b408, org.talend.components.fileio.runtime.SimpleRecordFormatCsvIO$FieldInfo@5fb99e3d, org.talend.components.fileio.runtime.SimpleRecordFormatCsvIO$FieldInfo@61f18402, org.talend.components.fileio.runtime.SimpleRecordFormatCsvIO$FieldInfo@194971bd, org.talend.components.fileio.runtime.SimpleRecordFormatCsvIO$FieldInfo@2a4a3668, org.talend.components.fileio.runtime.SimpleRecordFormatCsvIO$FieldInfo@39911d6a, org.talend.components.fileio.runtime.SimpleRecordFormatCsvIO$FieldInfo@54ad5fce]
[2022-04-26T06:51:40,066] [WARN ] o.t.s.c.r.s.EnhancedObjectInputStream$Defaults - talend.component.runtime.serialization.java.inputstream.whitelist system property not set, will use default blacklist but this is not considered as a secure setup. Blacklisted packages: [com.sun.rowset., org.apache.ibatis., org.apache.xalan, com.sun.org.apache.xalan.internal.xsltc.trax., java.rmi.server., oracle.jdbc., java.lang.Process, org.springframework.beans.factory.config., org.slf4j.ext., java.util.logging., com.sun.org.apache.bcel.internal.util., com.sun.deploy.security.ruleset., org.apache.axis2.jaxws.spi.handler., org.apache.commons.collections4.functors., org.apache.commons.collections.functors., org.hibernate.jmx., flex.messaging.util.concurrent., org.apache.openjpa.ee., org.codehaus.groovy.runtime., org.apache.axis2.transport.jms., org.apache.tomcat.dbcp.dbcp2., jodd.db.connection., org.jboss.util.propertyeditor.]
[2022-04-26T06:51:40,646] [INFO ] o.t.d.b.c.BeamCompiler - Start to resolve runtime for component bG9jYWxzdG9yYWdlI0xvY2FsU3RvcmFnZSNMb2NhbFN0b3JhZ2VJbnB1dA (id=6257d77bb46b805a8cd07ee6)
[2022-04-26T06:51:40,648] [INFO ] o.t.d.b.c.r.GenericRuntimeBuilder - ====== Get runtime of a component ======
[2022-04-26T06:51:40,648] [INFO ] o.t.d.b.c.r.GenericRuntimeBuilder - localstorage#LocalStorage#LocalStorageInput
[2022-04-26T06:51:40,648] [INFO ] o.t.d.b.c.r.GenericRuntimeBuilder - Selected a component of type: MAPPER
[2022-04-26T06:51:40,649] [INFO ] o.t.d.b.c.r.GenericRuntimeBuilder - Component version is: 1
[2022-04-26T06:51:40,657] [WARN ] o.t.s.c.r.b.s.BeamComponentExtension - Creating a 'interface org.talend.sdk.component.runtime.input.Mapper' instance for 'LocalStorage#LocalStorageInput', this must be unwrapped before being used
[2022-04-26T06:51:40,658] [INFO ] o.t.d.b.c.BeamCompiler - Tacokit component runtime: WrapperInputPTransform
[2022-04-26T06:51:41,489] [INFO ] o.t.c.f.r.SimpleRecordFormatCsvIO - success to fetch the schema : [org.talend.components.fileio.runtime.SimpleRecordFormatCsvIO$FieldInfo@6c54bc3, org.talend.components.fileio.runtime.SimpleRecordFormatCsvIO$FieldInfo@dcaa310, org.talend.components.fileio.runtime.SimpleRecordFormatCsvIO$FieldInfo@2492f6fb, org.talend.components.fileio.runtime.SimpleRecordFormatCsvIO$FieldInfo@155afbd7, org.talend.components.fileio.runtime.SimpleRecordFormatCsvIO$FieldInfo@396d21ec, org.talend.components.fileio.runtime.SimpleRecordFormatCsvIO$FieldInfo@61e7d7f2, org.talend.components.fileio.runtime.SimpleRecordFormatCsvIO$FieldInfo@52f1d01b, org.talend.components.fileio.runtime.SimpleRecordFormatCsvIO$FieldInfo@10371dd1]
[2022-04-26T06:51:41,506] [INFO ] o.t.d.b.c.BeamCompiler - Start to resolve runtime for component cHJvY2Vzc2luZy1iZWFtI1Byb2Nlc3NpbmcjSm9pbg (id=f80a3180-d4b1-478c-bbdc-655773b10cc7)
[2022-04-26T06:51:41,513] [INFO ] o.t.d.b.c.r.GenericRuntimeBuilder - ====== Get runtime of a component ======
[2022-04-26T06:51:41,513] [INFO ] o.t.d.b.c.r.GenericRuntimeBuilder - processing-beam#Processing#Join
[2022-04-26T06:51:41,513] [INFO ] o.t.d.b.c.r.GenericRuntimeBuilder - Selected a component of type: PROCESSOR
[2022-04-26T06:51:41,517] [INFO ] o.t.d.b.c.r.GenericRuntimeBuilder - Component version is: 2
[2022-04-26T06:51:41,556] [INFO ] o.t.d.b.c.BeamCompiler - Tacokit component runtime: org.talend.components.processing.join.JoinJobBuilder@5713705f
[2022-04-26T06:51:41,649] [INFO ] o.t.d.b.c.BeamCompiler - Start to resolve runtime for component cHJvY2Vzc2luZy1iZWFtI1Byb2Nlc3NpbmcjVHlwZUNvbnZlcnRlcg (id=8134c80c-adbb-4d24-9e37-63a553787bba)
[2022-04-26T06:51:41,651] [INFO ] o.t.d.b.c.r.GenericRuntimeBuilder - ====== Get runtime of a component ======
[2022-04-26T06:51:41,651] [INFO ] o.t.d.b.c.r.GenericRuntimeBuilder - processing-beam#Processing#TypeConverter
[2022-04-26T06:51:41,651] [INFO ] o.t.d.b.c.r.GenericRuntimeBuilder - Selected a component of type: PROCESSOR
[2022-04-26T06:51:41,652] [INFO ] o.t.d.b.c.r.GenericRuntimeBuilder - Component version is: 1
[2022-04-26T06:51:41,663] [WARN ] o.t.s.c.r.b.s.BeamComponentExtension - Creating a 'interface org.talend.sdk.component.runtime.output.Processor' instance for 'Processing#TypeConverter', this must be unwrapped before being used
[2022-04-26T06:51:41,669] [WARN ] o.t.s.c.r.b.s.BeamComponentExtension - Creating a 'interface org.talend.sdk.component.runtime.output.Processor' instance for 'Processing#TypeConverter', this must be unwrapped before being used
[2022-04-26T06:51:41,670] [INFO ] o.t.d.b.c.BeamCompiler - Tacokit component runtime: TypeConverter
[2022-04-26T06:51:41,675] [INFO ] o.t.d.b.c.BeamCompiler - Start to resolve runtime for component cHJvY2Vzc2luZy1iZWFtI1Byb2Nlc3NpbmcjQWdncmVnYXRl (id=f856c242-5ecd-41c7-a6e5-3f8f072d0175)
[2022-04-26T06:51:41,677] [INFO ] o.t.d.b.c.r.GenericRuntimeBuilder - ====== Get runtime of a component ======
[2022-04-26T06:51:41,677] [INFO ] o.t.d.b.c.r.GenericRuntimeBuilder - processing-beam#Processing#Aggregate
[2022-04-26T06:51:41,677] [INFO ] o.t.d.b.c.r.GenericRuntimeBuilder - Selected a component of type: PROCESSOR
[2022-04-26T06:51:41,678] [INFO ] o.t.d.b.c.r.GenericRuntimeBuilder - Component version is: 1
[2022-04-26T06:51:41,749] [WARN ] o.t.s.c.r.b.s.BeamComponentExtension - Creating a 'interface org.talend.sdk.component.runtime.output.Processor' instance for 'Processing#Aggregate', this must be unwrapped before being used
[2022-04-26T06:51:41,756] [WARN ] o.t.s.c.r.b.s.BeamComponentExtension - Creating a 'interface org.talend.sdk.component.runtime.output.Processor' instance for 'Processing#Aggregate', this must be unwrapped before being used
[2022-04-26T06:51:41,756] [INFO ] o.t.d.b.c.BeamCompiler - Tacokit component runtime: Aggregate
[2022-04-26T06:51:41,851] [INFO ] o.t.d.b.c.BeamCompiler - Start to resolve runtime for component bG9jYWxzdG9yYWdlI0xvY2FsU3RvcmFnZSNMb2NhbFN0b3JhZ2VPdXRwdXQ (id=625e84632c05e99768344c0b)
[2022-04-26T06:51:41,853] [INFO ] o.t.d.b.c.r.GenericRuntimeBuilder - ====== Get runtime of a component ======
[2022-04-26T06:51:41,853] [INFO ] o.t.d.b.c.r.GenericRuntimeBuilder - localstorage#LocalStorage#LocalStorageOutput
[2022-04-26T06:51:41,853] [INFO ] o.t.d.b.c.r.GenericRuntimeBuilder - Selected a component of type: PROCESSOR
[2022-04-26T06:51:41,853] [INFO ] o.t.d.b.c.r.GenericRuntimeBuilder - Component version is: 1
[2022-04-26T06:51:41,867] [WARN ] o.t.s.c.r.b.s.BeamComponentExtension - Creating a 'interface org.talend.sdk.component.runtime.output.Processor' instance for 'LocalStorage#LocalStorageOutput', this must be unwrapped before being used
[2022-04-26T06:51:41,874] [WARN ] o.t.s.c.r.b.s.BeamComponentExtension - Creating a 'interface org.talend.sdk.component.runtime.output.Processor' instance for 'LocalStorage#LocalStorageOutput', this must be unwrapped before being used
[2022-04-26T06:51:41,875] [INFO ] o.t.d.b.c.BeamCompiler - Tacokit component runtime: WrapperOutputPTransform
[2022-04-26T06:51:42,274] [WARN ] o.t.d.b.c.r.RuntimeFlowBeamCompilerContext - Not able to parse 'metrics.socketTimeoutMs', default is 15000
[2022-04-26T06:51:42,275] [WARN ] o.t.d.b.c.r.RuntimeFlowBeamCompilerContext - Not able to parse 'metrics.connectionTimeoutMs', default is 15000
[2022-04-26T06:51:42,770] [INFO ] o.a.s.SparkContext - Running Spark version 3.2.0
[2022-04-26T06:51:43,073] [WARN ] o.a.h.u.NativeCodeLoader - Unable to load native-hadoop library for your platform... using builtin-java classes where applicable
[2022-04-26T06:51:43,274] [INFO ] o.a.s.r.ResourceUtils - ==============================================================
[2022-04-26T06:51:43,275] [INFO ] o.a.s.r.ResourceUtils - No custom resources configured for spark.driver.
[2022-04-26T06:51:43,275] [INFO ] o.a.s.r.ResourceUtils - ==============================================================
[2022-04-26T06:51:43,275] [INFO ] o.a.s.SparkContext - Submitted application: Aggregate_TransactionSumPerAccount
[2022-04-26T06:51:43,292] [INFO ] o.a.s.r.ResourceProfile - Default ResourceProfile created, executor resources: Map(cores -> name: cores, amount: 1, script: , vendor: , memory -> name: memory, amount: 1024, script: , vendor: , offHeap -> name: offHeap, amount: 0, script: , vendor: ), task resources: Map(cpus -> name: cpus, amount: 1.0)
[2022-04-26T06:51:43,348] [INFO ] o.a.s.r.ResourceProfile - Limiting resource is cpu
[2022-04-26T06:51:43,350] [INFO ] o.a.s.r.ResourceProfileManager - Added ResourceProfile id: 0
[2022-04-26T06:51:43,446] [INFO ] o.a.s.SecurityManager - Changing view acls to: talend
[2022-04-26T06:51:43,446] [INFO ] o.a.s.SecurityManager - Changing modify acls to: talend
[2022-04-26T06:51:43,447] [INFO ] o.a.s.SecurityManager - Changing view acls groups to: 
[2022-04-26T06:51:43,447] [INFO ] o.a.s.SecurityManager - Changing modify acls groups to: 
[2022-04-26T06:51:43,447] [INFO ] o.a.s.SecurityManager - SecurityManager: authentication disabled; ui acls disabled; users  with view permissions: Set(talend); groups with view permissions: Set(); users  with modify permissions: Set(talend); groups with modify permissions: Set()
[2022-04-26T06:51:44,062] [INFO ] o.a.s.SparkEnv - Registering MapOutputTracker
[2022-04-26T06:51:44,087] [INFO ] o.a.s.SparkEnv - Registering BlockManagerMaster
[2022-04-26T06:51:44,150] [INFO ] o.a.s.SparkEnv - Registering BlockManagerMasterHeartbeat
[2022-04-26T06:51:44,253] [INFO ] o.a.s.SparkEnv - Registering OutputCommitCoordinator
[2022-04-26T06:51:44,383] [INFO ] o.s.j.u.log - Logging initialized @20848ms to org.sparkproject.jetty.util.log.Slf4jLog
[2022-04-26T06:51:44,495] [INFO ] o.s.j.s.Server - jetty-9.4.43.v20210629; built: 2021-06-30T11:07:22.254Z; git: 526006ecfa3af7f1a27ef3a288e2bef7ea9dd7e8; jvm 11.0.13+8-LTS
[2022-04-26T06:51:44,547] [INFO ] o.s.j.s.Server - Started @21013ms
[2022-04-26T06:51:44,574] [INFO ] o.s.j.s.AbstractConnector - Started ServerConnector@5fdef28a{HTTP/1.1, (http/1.1)}{0.0.0.0:4040}
[2022-04-26T06:51:44,592] [INFO ] o.s.j.s.h.ContextHandler - Started o.s.j.s.ServletContextHandler@17a027a7{/jobs,null,AVAILABLE,@Spark}
[2022-04-26T06:51:44,646] [INFO ] o.s.j.s.h.ContextHandler - Started o.s.j.s.ServletContextHandler@64709573{/jobs/json,null,AVAILABLE,@Spark}
[2022-04-26T06:51:44,647] [INFO ] o.s.j.s.h.ContextHandler - Started o.s.j.s.ServletContextHandler@2ce37955{/jobs/job,null,AVAILABLE,@Spark}
[2022-04-26T06:51:44,647] [INFO ] o.s.j.s.h.ContextHandler - Started o.s.j.s.ServletContextHandler@5dce3e{/jobs/job/json,null,AVAILABLE,@Spark}
[2022-04-26T06:51:44,648] [INFO ] o.s.j.s.h.ContextHandler - Started o.s.j.s.ServletContextHandler@669603c5{/stages,null,AVAILABLE,@Spark}
[2022-04-26T06:51:44,648] [INFO ] o.s.j.s.h.ContextHandler - Started o.s.j.s.ServletContextHandler@58c02b7f{/stages/json,null,AVAILABLE,@Spark}
[2022-04-26T06:51:44,649] [INFO ] o.s.j.s.h.ContextHandler - Started o.s.j.s.ServletContextHandler@180b7842{/stages/stage,null,AVAILABLE,@Spark}
[2022-04-26T06:51:44,650] [INFO ] o.s.j.s.h.ContextHandler - Started o.s.j.s.ServletContextHandler@e4e4643{/stages/stage/json,null,AVAILABLE,@Spark}
[2022-04-26T06:51:44,651] [INFO ] o.s.j.s.h.ContextHandler - Started o.s.j.s.ServletContextHandler@185d151b{/stages/pool,null,AVAILABLE,@Spark}
[2022-04-26T06:51:44,651] [INFO ] o.s.j.s.h.ContextHandler - Started o.s.j.s.ServletContextHandler@329b6556{/stages/pool/json,null,AVAILABLE,@Spark}
[2022-04-26T06:51:44,652] [INFO ] o.s.j.s.h.ContextHandler - Started o.s.j.s.ServletContextHandler@6e3f108c{/storage,null,AVAILABLE,@Spark}
[2022-04-26T06:51:44,653] [INFO ] o.s.j.s.h.ContextHandler - Started o.s.j.s.ServletContextHandler@131c0796{/storage/json,null,AVAILABLE,@Spark}
[2022-04-26T06:51:44,653] [INFO ] o.s.j.s.h.ContextHandler - Started o.s.j.s.ServletContextHandler@4a187041{/storage/rdd,null,AVAILABLE,@Spark}
[2022-04-26T06:51:44,654] [INFO ] o.s.j.s.h.ContextHandler - Started o.s.j.s.ServletContextHandler@60b4ce86{/storage/rdd/json,null,AVAILABLE,@Spark}
[2022-04-26T06:51:44,655] [INFO ] o.s.j.s.h.ContextHandler - Started o.s.j.s.ServletContextHandler@18e26ed4{/environment,null,AVAILABLE,@Spark}
[2022-04-26T06:51:44,655] [INFO ] o.s.j.s.h.ContextHandler - Started o.s.j.s.ServletContextHandler@77746f46{/environment/json,null,AVAILABLE,@Spark}
[2022-04-26T06:51:44,656] [INFO ] o.s.j.s.h.ContextHandler - Started o.s.j.s.ServletContextHandler@6171b73a{/executors,null,AVAILABLE,@Spark}
[2022-04-26T06:51:44,657] [INFO ] o.s.j.s.h.ContextHandler - Started o.s.j.s.ServletContextHandler@1642ef89{/executors/json,null,AVAILABLE,@Spark}
[2022-04-26T06:51:44,657] [INFO ] o.s.j.s.h.ContextHandler - Started o.s.j.s.ServletContextHandler@6796a69f{/executors/threadDump,null,AVAILABLE,@Spark}
[2022-04-26T06:51:44,658] [INFO ] o.s.j.s.h.ContextHandler - Started o.s.j.s.ServletContextHandler@6180afa9{/executors/threadDump/json,null,AVAILABLE,@Spark}
[2022-04-26T06:51:44,665] [INFO ] o.s.j.s.h.ContextHandler - Started o.s.j.s.ServletContextHandler@281c1f99{/static,null,AVAILABLE,@Spark}
[2022-04-26T06:51:44,666] [INFO ] o.s.j.s.h.ContextHandler - Started o.s.j.s.ServletContextHandler@6d462dd1{/,null,AVAILABLE,@Spark}
[2022-04-26T06:51:44,666] [INFO ] o.s.j.s.h.ContextHandler - Started o.s.j.s.ServletContextHandler@65744714{/api,null,AVAILABLE,@Spark}
[2022-04-26T06:51:44,667] [INFO ] o.s.j.s.h.ContextHandler - Started o.s.j.s.ServletContextHandler@7f4796e{/jobs/job/kill,null,AVAILABLE,@Spark}
[2022-04-26T06:51:44,668] [INFO ] o.s.j.s.h.ContextHandler - Started o.s.j.s.ServletContextHandler@69a669b5{/stages/stage/kill,null,AVAILABLE,@Spark}
[2022-04-26T06:51:44,669] [INFO ] o.a.s.u.SparkUI - Bound SparkUI to 0.0.0.0, and started at http://pipeline-runner-3c997315-5c92-4568-8508-76ee94b0d184-ng8c7:4040
[2022-04-26T06:51:44,865] [INFO ] o.a.s.e.Executor - Starting executor ID driver on host pipeline-runner-3c997315-5c92-4568-8508-76ee94b0d184-ng8c7
[2022-04-26T06:51:44,965] [INFO ] o.s.j.s.h.ContextHandler - Started o.s.j.s.ServletContextHandler@30661521{/metrics/json,null,AVAILABLE,@Spark}
[2022-04-26T06:51:45,048] [INFO ] o.t.d.b.c.BeamJob - No Custom logs was sent
[2022-04-26T06:51:45,852] [ERROR] o.t.s.c.c.ConfigurableClassLoader - META-INF/services/org.xml.sax.driver shouldn't be provided outside the JVM itself, origin=jar:file:/opt/talend/connectors/xerces/xercesImpl/2.12.0/xercesImpl-2.12.0.jar!/META-INF/services/org.xml.sax.driver
[2022-04-26T06:51:45,862] [INFO ] o.a.b.s.i.a.s.DefaultS3ClientBuilderFactory - The AWS S3 Beam extension was included in this build, but the awsRegion flag was not specified. If you don't plan to use S3, then ignore this message.
[2022-04-26T06:51:45,867] [WARN ] o.a.b.s.Pipeline - The following transforms do not have stable unique names: , ParDo(VolumeOnLink), ParDo(NumberRecordsOnLink)
[2022-04-26T06:51:45,867] [INFO ] o.a.b.r.s.SparkRunner - Executing pipeline using the SparkRunner.
[2022-04-26T06:51:46,547] [INFO ] o.a.b.r.s.t.SparkContextFactory - Using a provided Spark Context
[2022-04-26T06:51:46,781] [INFO ] o.a.b.s.i.a.s.DefaultS3ClientBuilderFactory - The AWS S3 Beam extension was included in this build, but the awsRegion flag was not specified. If you don't plan to use S3, then ignore this message.
[2022-04-26T06:51:46,796] [INFO ] o.a.b.r.s.SparkRunner$Evaluator - Entering directly-translatable composite transform: '3/AGGREGATE_COMBINE'
[2022-04-26T06:51:46,796] [INFO ] o.a.b.r.s.SparkRunner$Evaluator - Entering directly-translatable composite transform: '4/Output_LocalStorageOutput/Write/View.AsSingleton/Combine.GloballyAsSingletonView/CombineValues'
[2022-04-26T06:51:46,863] [INFO ] o.a.b.r.s.m.MetricsAccumulator - Instantiated metrics accumulator: MetricQueryResults()
[2022-04-26T06:51:46,865] [INFO ] o.a.b.r.s.a.AggregatorsAccumulator - Instantiated aggregators accumulator: 
[2022-04-26T06:51:46,866] [INFO ] o.a.b.r.s.SparkRunner$Evaluator - Evaluating Read(CsvHdfsFileSource)
[2022-04-26T06:51:46,972] [INFO ] o.a.b.r.s.SparkRunner$Evaluator - Evaluating org.apache.beam.sdk.transforms.MapElements$1@7524241d
[2022-04-26T06:51:47,252] [INFO ] o.a.b.r.s.SparkRunner$Evaluator - Evaluating org.talend.components.fileio.runtime.SimpleRecordFormatCsvIO$ExtractCsvRecord@1970fca2
[2022-04-26T06:51:47,274] [INFO ] o.a.b.r.s.SparkRunner$Evaluator - Evaluating org.talend.components.fileio.runtime.IndexedRecord2Record@5126fb1d
[2022-04-26T06:51:47,285] [INFO ] o.a.b.r.s.SparkRunner$Evaluator - Evaluating org.talend.datastreams.beam.compiler.util.builder.tacokit.transform.RecordToIndexedRecord@3a95bc49
[2022-04-26T06:51:47,350] [INFO ] o.a.b.r.s.SparkRunner$Evaluator - Evaluating org.talend.datastreams.beam.compiler.metrics.CountersOnLinks$NumberRecordsOnLink@5ba0863d
[2022-04-26T06:51:47,360] [INFO ] o.a.b.r.s.SparkRunner$Evaluator - Evaluating org.talend.datastreams.beam.compiler.metrics.CountersOnLinks$VolumeOnLink@b9645ca
[2022-04-26T06:51:47,369] [INFO ] o.a.b.r.s.SparkRunner$Evaluator - Evaluating Read(CsvHdfsFileSource)
[2022-04-26T06:51:47,370] [INFO ] o.a.b.r.s.SparkRunner$Evaluator - Evaluating org.apache.beam.sdk.transforms.MapElements$1@48684169
[2022-04-26T06:51:47,380] [INFO ] o.a.b.r.s.SparkRunner$Evaluator - Evaluating org.talend.components.fileio.runtime.SimpleRecordFormatCsvIO$ExtractCsvRecord@39999eea
[2022-04-26T06:51:47,455] [INFO ] o.a.b.r.s.SparkRunner$Evaluator - Evaluating org.talend.components.fileio.runtime.IndexedRecord2Record@341a25da
[2022-04-26T06:51:47,465] [INFO ] o.a.b.r.s.SparkRunner$Evaluator - Evaluating org.talend.datastreams.beam.compiler.util.builder.tacokit.transform.RecordToIndexedRecord@7f03fef2
[2022-04-26T06:51:47,473] [INFO ] o.a.b.r.s.SparkRunner$Evaluator - Evaluating org.talend.datastreams.beam.compiler.metrics.CountersOnLinks$NumberRecordsOnLink@51258322
[2022-04-26T06:51:47,482] [INFO ] o.a.b.r.s.SparkRunner$Evaluator - Evaluating org.talend.datastreams.beam.compiler.metrics.CountersOnLinks$VolumeOnLink@6eec5a54
[2022-04-26T06:51:47,550] [INFO ] o.a.b.r.s.SparkRunner$Evaluator - Evaluating org.talend.components.processing.join.KeyExtractorDoFn@29a08daf
[2022-04-26T06:51:47,560] [INFO ] o.a.b.r.s.SparkRunner$Evaluator - Evaluating org.talend.components.processing.join.KeyExtractorDoFn@77648a90
[2022-04-26T06:51:47,569] [INFO ] o.a.b.r.s.SparkRunner$Evaluator - Evaluating org.apache.beam.sdk.transforms.join.CoGroupByKey$ConstructUnionTableFn@43c9c0b5
[2022-04-26T06:51:47,578] [INFO ] o.a.b.r.s.SparkRunner$Evaluator - Evaluating org.apache.beam.sdk.transforms.join.CoGroupByKey$ConstructUnionTableFn@4f940c29
[2022-04-26T06:51:47,646] [INFO ] o.a.b.r.s.SparkRunner$Evaluator - Evaluating Flatten.PCollections
[2022-04-26T06:51:48,099] [INFO ] o.a.h.m.l.i.FileInputFormat - Total input files to process : 1
[2022-04-26T06:51:48,449] [INFO ] o.a.h.m.l.i.FileInputFormat - Total input files to process : 1
[2022-04-26T06:51:48,587] [INFO ] o.t.c.f.r.h.c.CSVFileInputFormat - Total # of splits generated by getSplits: 1, TimeTaken: 309
[2022-04-26T06:51:48,994] [INFO ] o.a.h.m.l.i.FileInputFormat - Total input files to process : 1
[2022-04-26T06:51:49,484] [INFO ] o.a.h.m.l.i.FileInputFormat - Total input files to process : 1
[2022-04-26T06:51:49,688] [INFO ] o.t.c.f.r.h.c.CSVFileInputFormat - Total # of splits generated by getSplits: 1, TimeTaken: 376
[2022-04-26T06:51:49,691] [INFO ] o.a.b.r.s.SparkRunner$Evaluator - Evaluating GroupByKey
[2022-04-26T06:51:49,694] [WARN ] o.a.b.r.s.t.GroupNonMergingWindowsFunctions - Either coder LazyAvroCoder or GlobalWindow$Coder is not consistent with equals. That might cause issues on some runners.
[2022-04-26T06:51:49,712] [INFO ] o.a.b.r.s.SparkRunner$Evaluator - Evaluating org.apache.beam.sdk.transforms.join.CoGroupByKey$ConstructCoGbkResultFn@e75dc31
[2022-04-26T06:51:49,754] [INFO ] o.a.b.r.s.SparkRunner$Evaluator - Evaluating org.apache.beam.sdk.extensions.joinlibrary.Join$InnerJoin$1@3d9349a0
[2022-04-26T06:51:49,762] [INFO ] o.a.b.r.s.SparkRunner$Evaluator - Evaluating org.talend.components.processing.join.MergeKVDoFn@5c18c936
[2022-04-26T06:51:49,769] [INFO ] o.a.b.r.s.SparkRunner$Evaluator - Evaluating org.talend.datastreams.beam.compiler.metrics.CountersOnLinks$NumberRecordsOnLink@1881fb7d
[2022-04-26T06:51:49,775] [INFO ] o.a.b.r.s.SparkRunner$Evaluator - Evaluating org.talend.datastreams.beam.compiler.metrics.CountersOnLinks$VolumeOnLink@1c0c5835
[2022-04-26T06:51:49,781] [INFO ] o.a.b.r.s.SparkRunner$Evaluator - Evaluating org.talend.components.processing.typeconverter.TypeConverterDoFn@1ec30f25
[2022-04-26T06:51:49,848] [INFO ] o.a.b.r.s.SparkRunner$Evaluator - Evaluating org.talend.datastreams.beam.compiler.metrics.CountersOnLinks$NumberRecordsOnLink@74121a9
[2022-04-26T06:51:49,854] [INFO ] o.a.b.r.s.SparkRunner$Evaluator - Evaluating org.talend.datastreams.beam.compiler.metrics.CountersOnLinks$VolumeOnLink@3770cb15
[2022-04-26T06:51:49,860] [INFO ] o.a.b.r.s.SparkRunner$Evaluator - Evaluating org.talend.components.common.beam.kv.ExtractKVFn@551a24f
[2022-04-26T06:51:49,866] [INFO ] o.a.b.r.s.SparkRunner$Evaluator - Entering directly-translatable composite transform: '3/AGGREGATE_COMBINE'
[2022-04-26T06:51:49,866] [INFO ] o.a.b.r.s.SparkRunner$Evaluator - Evaluating Combine.perKey(Aggregate)
[2022-04-26T06:51:49,873] [WARN ] o.a.b.r.s.t.GroupNonMergingWindowsFunctions - Either coder LazyAvroCoder or GlobalWindow$Coder is not consistent with equals. That might cause issues on some runners.
[2022-04-26T06:51:49,955] [INFO ] o.a.b.r.s.SparkRunner$Evaluator - Evaluating org.talend.components.processing.aggregate.Aggregate$1@4d089dcd
[2022-04-26T06:51:49,963] [INFO ] o.a.b.r.s.SparkRunner$Evaluator - Evaluating org.talend.components.common.beam.kv.MergeKVFn@1b9418b
[2022-04-26T06:51:49,969] [INFO ] o.a.b.r.s.SparkRunner$Evaluator - Evaluating org.talend.datastreams.beam.compiler.metrics.CountersOnLinks$NumberRecordsOnLink@48873409
[2022-04-26T06:51:49,974] [INFO ] o.a.b.r.s.SparkRunner$Evaluator - Evaluating org.talend.datastreams.beam.compiler.metrics.CountersOnLinks$VolumeOnLink@6b86fed8
[2022-04-26T06:51:49,980] [INFO ] o.a.b.r.s.SparkRunner$Evaluator - Evaluating org.talend.datastreams.beam.compiler.util.builder.tacokit.transform.IndexedRecordToRecord@62e42995
[2022-04-26T06:51:50,049] [INFO ] o.a.b.r.s.SparkRunner$Evaluator - Evaluating org.talend.components.fileio.runtime.Record2IndexedRecord@2f5f543
[2022-04-26T06:51:50,056] [INFO ] o.a.b.r.s.SparkRunner$Evaluator - Evaluating Read(CreateSource)
[2022-04-26T06:51:50,057] [INFO ] o.a.b.r.s.SparkRunner$Evaluator - Evaluating org.talend.components.fileio.runtime.beamcopy.Write$Bound$1@59f89461
[2022-04-26T06:51:50,072] [INFO ] o.a.b.r.s.SparkRunner$Evaluator - Entering directly-translatable composite transform: '4/Output_LocalStorageOutput/Write/View.AsSingleton/Combine.GloballyAsSingletonView/CombineValues'
[2022-04-26T06:51:50,072] [INFO ] o.a.b.r.s.SparkRunner$Evaluator - Evaluating Combine.globally(Singleton)
[2022-04-26T06:51:50,177] [INFO ] o.a.s.SparkContext - Starting job: aggregate at GroupCombineFunctions.java:107
[2022-04-26T06:51:50,190] [INFO ] o.a.s.s.DAGScheduler - Got job 0 (aggregate at GroupCombineFunctions.java:107) with 1 output partitions
[2022-04-26T06:51:50,191] [INFO ] o.a.s.s.DAGScheduler - Final stage: ResultStage 0 (aggregate at GroupCombineFunctions.java:107)
[2022-04-26T06:51:50,191] [INFO ] o.a.s.s.DAGScheduler - Parents of final stage: List()
[2022-04-26T06:51:50,247] [INFO ] o.a.s.s.DAGScheduler - Missing parents: List()
[2022-04-26T06:51:50,251] [INFO ] o.a.s.s.DAGScheduler - Submitting ResultStage 0 (MapPartitionsRDD[111] at map at BoundedDataset.java:120), which has no missing parents
[2022-04-26T06:51:50,561] [INFO ] o.a.s.SparkContext - Created broadcast 0 from broadcast at DAGScheduler.scala:1427
[2022-04-26T06:51:50,570] [INFO ] o.a.s.s.DAGScheduler - Submitting 1 missing tasks from ResultStage 0 (MapPartitionsRDD[111] at map at BoundedDataset.java:120) (first 15 tasks are for partitions Vector(0))
[2022-04-26T06:51:50,571] [INFO ] o.a.s.s.TaskSchedulerImpl - Adding task set 0.0 with 1 tasks resource profile 0
[2022-04-26T06:51:50,665] [INFO ] o.a.s.s.TaskSetManager - Starting task 0.0 in stage 0.0 (TID 0) (pipeline-runner-3c997315-5c92-4568-8508-76ee94b0d184-ng8c7, executor driver, partition 0, PROCESS_LOCAL, 8244 bytes) taskResourceAssignments Map()
[2022-04-26T06:51:50,678] [INFO ] o.a.s.e.Executor - Running task 0.0 in stage 0.0 (TID 0)
[2022-04-26T06:51:50,767] [INFO ] o.a.b.s.i.a.s.DefaultS3ClientBuilderFactory - The AWS S3 Beam extension was included in this build, but the awsRegion flag was not specified. If you don't plan to use S3, then ignore this message.
[2022-04-26T06:51:51,486] [INFO ] o.t.c.f.r.b.Write - Initializing write operation org.talend.components.fileio.runtime.sinks.UgiFileSinkBase$UgiWriteOperation@5af74d5c
[2022-04-26T06:51:51,726] [INFO ] o.a.s.e.Executor - Finished task 0.0 in stage 0.0 (TID 0). 13187 bytes result sent to driver
[2022-04-26T06:51:51,733] [INFO ] o.a.s.s.TaskSetManager - Finished task 0.0 in stage 0.0 (TID 0) in 1075 ms on pipeline-runner-3c997315-5c92-4568-8508-76ee94b0d184-ng8c7 (executor driver) (1/1)
[2022-04-26T06:51:51,735] [INFO ] o.a.s.s.TaskSchedulerImpl - Removed TaskSet 0.0, whose tasks have all completed, from pool 
[2022-04-26T06:51:51,744] [INFO ] o.a.s.s.DAGScheduler - ResultStage 0 (aggregate at GroupCombineFunctions.java:107) finished in 1.476 s
[2022-04-26T06:51:51,748] [INFO ] o.a.s.s.DAGScheduler - Job 0 is finished. Cancelling potential speculative or zombie tasks for this job
[2022-04-26T06:51:51,748] [INFO ] o.a.s.s.TaskSchedulerImpl - Killing all running tasks in stage 0: Stage finished
[2022-04-26T06:51:51,751] [INFO ] o.a.s.s.DAGScheduler - Job 0 finished: aggregate at GroupCombineFunctions.java:107, took 1.573935 s
[2022-04-26T06:51:51,757] [INFO ] o.a.b.r.s.SparkRunner$Evaluator - Evaluating View.CreatePCollectionView
[2022-04-26T06:51:51,776] [INFO ] o.a.s.SparkContext - Starting job: collect at BoundedDataset.java:96
[2022-04-26T06:51:51,777] [INFO ] o.a.s.s.DAGScheduler - Got job 1 (collect at BoundedDataset.java:96) with 2 output partitions
[2022-04-26T06:51:51,777] [INFO ] o.a.s.s.DAGScheduler - Final stage: ResultStage 1 (collect at BoundedDataset.java:96)
[2022-04-26T06:51:51,777] [INFO ] o.a.s.s.DAGScheduler - Parents of final stage: List()
[2022-04-26T06:51:51,778] [INFO ] o.a.s.s.DAGScheduler - Missing parents: List()
[2022-04-26T06:51:51,845] [INFO ] o.a.s.s.DAGScheduler - Submitting ResultStage 1 (MapPartitionsRDD[114] at map at BoundedDataset.java:95), which has no missing parents
[2022-04-26T06:51:51,850] [INFO ] o.a.s.SparkContext - Created broadcast 1 from broadcast at DAGScheduler.scala:1427
[2022-04-26T06:51:51,850] [INFO ] o.a.s.s.DAGScheduler - Submitting 2 missing tasks from ResultStage 1 (MapPartitionsRDD[114] at map at BoundedDataset.java:95) (first 15 tasks are for partitions Vector(0, 1))
[2022-04-26T06:51:51,850] [INFO ] o.a.s.s.TaskSchedulerImpl - Adding task set 1.0 with 2 tasks resource profile 0
[2022-04-26T06:51:51,863] [INFO ] o.a.s.s.TaskSetManager - Starting task 0.0 in stage 1.0 (TID 1) (pipeline-runner-3c997315-5c92-4568-8508-76ee94b0d184-ng8c7, executor driver, partition 0, PROCESS_LOCAL, 4449 bytes) taskResourceAssignments Map()
[2022-04-26T06:51:51,864] [INFO ] o.a.s.s.TaskSetManager - Starting task 1.0 in stage 1.0 (TID 2) (pipeline-runner-3c997315-5c92-4568-8508-76ee94b0d184-ng8c7, executor driver, partition 1, PROCESS_LOCAL, 7575 bytes) taskResourceAssignments Map()
[2022-04-26T06:51:51,864] [INFO ] o.a.s.e.Executor - Running task 0.0 in stage 1.0 (TID 1)
[2022-04-26T06:51:51,865] [INFO ] o.a.s.e.Executor - Running task 1.0 in stage 1.0 (TID 2)
[2022-04-26T06:51:51,872] [INFO ] o.a.s.e.Executor - Finished task 0.0 in stage 1.0 (TID 1). 837 bytes result sent to driver
[2022-04-26T06:51:51,872] [INFO ] o.a.s.e.Executor - Finished task 1.0 in stage 1.0 (TID 2). 3978 bytes result sent to driver
[2022-04-26T06:51:51,874] [INFO ] o.a.s.s.TaskSetManager - Finished task 0.0 in stage 1.0 (TID 1) in 22 ms on pipeline-runner-3c997315-5c92-4568-8508-76ee94b0d184-ng8c7 (executor driver) (1/2)
[2022-04-26T06:51:51,874] [INFO ] o.a.s.s.TaskSetManager - Finished task 1.0 in stage 1.0 (TID 2) in 10 ms on pipeline-runner-3c997315-5c92-4568-8508-76ee94b0d184-ng8c7 (executor driver) (2/2)
[2022-04-26T06:51:51,874] [INFO ] o.a.s.s.TaskSchedulerImpl - Removed TaskSet 1.0, whose tasks have all completed, from pool 
[2022-04-26T06:51:51,875] [INFO ] o.a.s.s.DAGScheduler - ResultStage 1 (collect at BoundedDataset.java:96) finished in 0.028 s
[2022-04-26T06:51:51,875] [INFO ] o.a.s.s.DAGScheduler - Job 1 is finished. Cancelling potential speculative or zombie tasks for this job
[2022-04-26T06:51:51,875] [INFO ] o.a.s.s.TaskSchedulerImpl - Killing all running tasks in stage 1: Stage finished
[2022-04-26T06:51:51,875] [INFO ] o.a.s.s.DAGScheduler - Job 1 finished: collect at BoundedDataset.java:96, took 0.099042 s
[2022-04-26T06:51:51,877] [INFO ] o.a.b.r.s.SparkRunner$Evaluator - Evaluating Window.Assign
[2022-04-26T06:51:51,878] [INFO ] o.a.b.r.s.SparkRunner$Evaluator - Evaluating org.talend.components.fileio.runtime.beamcopy.Write$Bound$WriteBundles@77f3ac1e
[2022-04-26T06:51:51,952] [INFO ] o.a.s.SparkContext - Created broadcast 2 from broadcast at SideInputBroadcast.java:62
[2022-04-26T06:51:51,963] [INFO ] o.a.b.r.s.SparkRunner$Evaluator - Evaluating org.apache.beam.sdk.transforms.MapElements$1@2ac87e3d
[2022-04-26T06:51:51,973] [INFO ] o.a.b.r.s.SparkRunner$Evaluator - Evaluating View.CreatePCollectionView
[2022-04-26T06:51:52,057] [INFO ] o.a.s.SparkContext - Starting job: collect at BoundedDataset.java:96
[2022-04-26T06:51:52,071] [INFO ] o.a.s.s.DAGScheduler - Registering RDD 51 (flatMapToPair at GroupNonMergingWindowsFunctions.java:116) as input to shuffle 1
[2022-04-26T06:51:52,075] [INFO ] o.a.s.s.DAGScheduler - Registering RDD 82 (flatMapToPair at GroupNonMergingWindowsFunctions.java:116) as input to shuffle 0
[2022-04-26T06:51:52,076] [INFO ] o.a.s.s.DAGScheduler - Got job 2 (collect at BoundedDataset.java:96) with 2 output partitions
[2022-04-26T06:51:52,076] [INFO ] o.a.s.s.DAGScheduler - Final stage: ResultStage 4 (collect at BoundedDataset.java:96)
[2022-04-26T06:51:52,076] [INFO ] o.a.s.s.DAGScheduler - Parents of final stage: List(ShuffleMapStage 3)
[2022-04-26T06:51:52,078] [INFO ] o.a.s.s.DAGScheduler - Missing parents: List(ShuffleMapStage 3)
[2022-04-26T06:51:52,082] [INFO ] o.a.s.s.DAGScheduler - Submitting ShuffleMapStage 2 (MapPartitionsRDD[51] at flatMapToPair at GroupNonMergingWindowsFunctions.java:116), which has no missing parents
[2022-04-26T06:51:52,156] [INFO ] o.a.s.SparkContext - Created broadcast 3 from broadcast at DAGScheduler.scala:1427
[2022-04-26T06:51:52,158] [INFO ] o.a.s.s.DAGScheduler - Submitting 2 missing tasks from ShuffleMapStage 2 (MapPartitionsRDD[51] at flatMapToPair at GroupNonMergingWindowsFunctions.java:116) (first 15 tasks are for partitions Vector(0, 1))
[2022-04-26T06:51:52,158] [INFO ] o.a.s.s.TaskSchedulerImpl - Adding task set 2.0 with 2 tasks resource profile 0
[2022-04-26T06:51:52,162] [INFO ] o.a.s.s.TaskSetManager - Starting task 0.0 in stage 2.0 (TID 3) (pipeline-runner-3c997315-5c92-4568-8508-76ee94b0d184-ng8c7, executor driver, partition 0, PROCESS_LOCAL, 8215 bytes) taskResourceAssignments Map()
[2022-04-26T06:51:52,163] [INFO ] o.a.s.s.TaskSetManager - Starting task 1.0 in stage 2.0 (TID 4) (pipeline-runner-3c997315-5c92-4568-8508-76ee94b0d184-ng8c7, executor driver, partition 1, PROCESS_LOCAL, 8215 bytes) taskResourceAssignments Map()
[2022-04-26T06:51:52,164] [INFO ] o.a.s.e.Executor - Running task 0.0 in stage 2.0 (TID 3)
[2022-04-26T06:51:52,164] [INFO ] o.a.s.e.Executor - Running task 1.0 in stage 2.0 (TID 4)
[2022-04-26T06:51:52,254] [INFO ] o.a.b.s.i.a.s.DefaultS3ClientBuilderFactory - The AWS S3 Beam extension was included in this build, but the awsRegion flag was not specified. If you don't plan to use S3, then ignore this message.
[2022-04-26T06:51:52,265] [INFO ] o.a.b.s.i.a.s.DefaultS3ClientBuilderFactory - The AWS S3 Beam extension was included in this build, but the awsRegion flag was not specified. If you don't plan to use S3, then ignore this message.
[2022-04-26T06:51:55,362] [INFO ] o.a.s.e.Executor - Finished task 0.0 in stage 2.0 (TID 3). 24217 bytes result sent to driver
[2022-04-26T06:51:55,368] [INFO ] o.a.s.s.TaskSetManager - Finished task 0.0 in stage 2.0 (TID 3) in 3209 ms on pipeline-runner-3c997315-5c92-4568-8508-76ee94b0d184-ng8c7 (executor driver) (1/2)
[2022-04-26T06:51:57,054] [INFO ] o.t.d.b.c.m.MetricsHttpSink - Skipping CSRF token request for metrics push back
[2022-04-26T06:52:01,875] [INFO ] o.a.s.e.Executor - Finished task 1.0 in stage 2.0 (TID 4). 24355 bytes result sent to driver
[2022-04-26T06:52:01,880] [INFO ] o.a.s.s.TaskSetManager - Finished task 1.0 in stage 2.0 (TID 4) in 9717 ms on pipeline-runner-3c997315-5c92-4568-8508-76ee94b0d184-ng8c7 (executor driver) (2/2)
[2022-04-26T06:52:01,880] [INFO ] o.a.s.s.TaskSchedulerImpl - Removed TaskSet 2.0, whose tasks have all completed, from pool 
[2022-04-26T06:52:01,881] [INFO ] o.a.s.s.DAGScheduler - ShuffleMapStage 2 (flatMapToPair at GroupNonMergingWindowsFunctions.java:116) finished in 9.735 s
[2022-04-26T06:52:01,881] [INFO ] o.a.s.s.DAGScheduler - looking for newly runnable stages
[2022-04-26T06:52:01,882] [INFO ] o.a.s.s.DAGScheduler - running: Set()
[2022-04-26T06:52:01,882] [INFO ] o.a.s.s.DAGScheduler - waiting: Set(ShuffleMapStage 3, ResultStage 4)
[2022-04-26T06:52:01,882] [INFO ] o.a.s.s.DAGScheduler - failed: Set()
[2022-04-26T06:52:01,885] [INFO ] o.a.s.s.DAGScheduler - Submitting ShuffleMapStage 3 (MapPartitionsRDD[82] at flatMapToPair at GroupNonMergingWindowsFunctions.java:116), which has no missing parents
[2022-04-26T06:52:01,902] [INFO ] o.a.s.SparkContext - Created broadcast 4 from broadcast at DAGScheduler.scala:1427
[2022-04-26T06:52:01,902] [INFO ] o.a.s.s.DAGScheduler - Submitting 2 missing tasks from ShuffleMapStage 3 (MapPartitionsRDD[82] at flatMapToPair at GroupNonMergingWindowsFunctions.java:116) (first 15 tasks are for partitions Vector(0, 1))
[2022-04-26T06:52:01,902] [INFO ] o.a.s.s.TaskSchedulerImpl - Adding task set 3.0 with 2 tasks resource profile 0
[2022-04-26T06:52:01,947] [INFO ] o.a.s.s.TaskSetManager - Starting task 0.0 in stage 3.0 (TID 5) (pipeline-runner-3c997315-5c92-4568-8508-76ee94b0d184-ng8c7, executor driver, partition 0, NODE_LOCAL, 4260 bytes) taskResourceAssignments Map()
[2022-04-26T06:52:01,947] [INFO ] o.a.s.s.TaskSetManager - Starting task 1.0 in stage 3.0 (TID 6) (pipeline-runner-3c997315-5c92-4568-8508-76ee94b0d184-ng8c7, executor driver, partition 1, NODE_LOCAL, 4260 bytes) taskResourceAssignments Map()
[2022-04-26T06:52:01,948] [INFO ] o.a.s.e.Executor - Running task 1.0 in stage 3.0 (TID 6)
[2022-04-26T06:52:01,948] [INFO ] o.a.s.e.Executor - Running task 0.0 in stage 3.0 (TID 5)
[2022-04-26T06:52:01,971] [INFO ] o.t.d.b.c.m.MetricsHttpSink - Skipping CSRF token request for metrics push back
[2022-04-26T06:52:01,975] [INFO ] o.a.b.s.i.a.s.DefaultS3ClientBuilderFactory - The AWS S3 Beam extension was included in this build, but the awsRegion flag was not specified. If you don't plan to use S3, then ignore this message.
[2022-04-26T06:52:02,046] [INFO ] o.a.b.s.i.a.s.DefaultS3ClientBuilderFactory - The AWS S3 Beam extension was included in this build, but the awsRegion flag was not specified. If you don't plan to use S3, then ignore this message.
[2022-04-26T06:52:06,971] [INFO ] o.t.d.b.c.m.MetricsHttpSink - Skipping CSRF token request for metrics push back
[2022-04-26T06:52:11,971] [INFO ] o.t.d.b.c.m.MetricsHttpSink - Skipping CSRF token request for metrics push back
[2022-04-26T06:52:12,854] [INFO ] o.a.s.e.Executor - Finished task 1.0 in stage 3.0 (TID 6). 24952 bytes result sent to driver
[2022-04-26T06:52:12,858] [INFO ] o.a.s.s.TaskSetManager - Finished task 1.0 in stage 3.0 (TID 6) in 10911 ms on pipeline-runner-3c997315-5c92-4568-8508-76ee94b0d184-ng8c7 (executor driver) (1/2)
[2022-04-26T06:52:13,289] [INFO ] o.a.s.e.Executor - Finished task 0.0 in stage 3.0 (TID 5). 24952 bytes result sent to driver
[2022-04-26T06:52:13,291] [INFO ] o.a.s.s.TaskSetManager - Finished task 0.0 in stage 3.0 (TID 5) in 11346 ms on pipeline-runner-3c997315-5c92-4568-8508-76ee94b0d184-ng8c7 (executor driver) (2/2)
[2022-04-26T06:52:13,292] [INFO ] o.a.s.s.TaskSchedulerImpl - Removed TaskSet 3.0, whose tasks have all completed, from pool 
[2022-04-26T06:52:13,293] [INFO ] o.a.s.s.DAGScheduler - ShuffleMapStage 3 (flatMapToPair at GroupNonMergingWindowsFunctions.java:116) finished in 11.401 s
[2022-04-26T06:52:13,293] [INFO ] o.a.s.s.DAGScheduler - looking for newly runnable stages
[2022-04-26T06:52:13,293] [INFO ] o.a.s.s.DAGScheduler - running: Set()
[2022-04-26T06:52:13,293] [INFO ] o.a.s.s.DAGScheduler - waiting: Set(ResultStage 4)
[2022-04-26T06:52:13,293] [INFO ] o.a.s.s.DAGScheduler - failed: Set()
[2022-04-26T06:52:13,294] [INFO ] o.a.s.s.DAGScheduler - Submitting ResultStage 4 (MapPartitionsRDD[123] at map at BoundedDataset.java:95), which has no missing parents
[2022-04-26T06:52:13,348] [INFO ] o.a.s.SparkContext - Created broadcast 5 from broadcast at DAGScheduler.scala:1427
[2022-04-26T06:52:13,349] [INFO ] o.a.s.s.DAGScheduler - Submitting 2 missing tasks from ResultStage 4 (MapPartitionsRDD[123] at map at BoundedDataset.java:95) (first 15 tasks are for partitions Vector(0, 1))
[2022-04-26T06:52:13,349] [INFO ] o.a.s.s.TaskSchedulerImpl - Adding task set 4.0 with 2 tasks resource profile 0
[2022-04-26T06:52:13,350] [INFO ] o.a.s.s.TaskSetManager - Starting task 0.0 in stage 4.0 (TID 7) (pipeline-runner-3c997315-5c92-4568-8508-76ee94b0d184-ng8c7, executor driver, partition 0, NODE_LOCAL, 4271 bytes) taskResourceAssignments Map()
[2022-04-26T06:52:13,351] [INFO ] o.a.s.s.TaskSetManager - Starting task 1.0 in stage 4.0 (TID 8) (pipeline-runner-3c997315-5c92-4568-8508-76ee94b0d184-ng8c7, executor driver, partition 1, NODE_LOCAL, 4271 bytes) taskResourceAssignments Map()
[2022-04-26T06:52:13,351] [INFO ] o.a.s.e.Executor - Running task 1.0 in stage 4.0 (TID 8)
[2022-04-26T06:52:13,351] [INFO ] o.a.s.e.Executor - Running task 0.0 in stage 4.0 (TID 7)
[2022-04-26T06:52:13,359] [INFO ] o.a.b.s.i.a.s.DefaultS3ClientBuilderFactory - The AWS S3 Beam extension was included in this build, but the awsRegion flag was not specified. If you don't plan to use S3, then ignore this message.
[2022-04-26T06:52:13,359] [INFO ] o.a.b.s.i.a.s.DefaultS3ClientBuilderFactory - The AWS S3 Beam extension was included in this build, but the awsRegion flag was not specified. If you don't plan to use S3, then ignore this message.
[2022-04-26T06:52:13,675] [INFO ] o.t.c.f.r.b.Write - Opening writer for write operation org.talend.components.fileio.runtime.sinks.UgiFileSinkBase$UgiWriteOperation@6e4b0e53
[2022-04-26T06:52:13,676] [INFO ] o.t.c.f.r.b.Write - Opening writer for write operation org.talend.components.fileio.runtime.sinks.UgiFileSinkBase$UgiWriteOperation@6e4b0e53
[2022-04-26T06:52:14,185] [INFO ] o.a.h.m.l.o.FileOutputCommitter - File Output Committer Algorithm version is 2
[2022-04-26T06:52:14,185] [INFO ] o.a.h.m.l.o.FileOutputCommitter - File Output Committer Algorithm version is 2
[2022-04-26T06:52:14,185] [INFO ] o.a.h.m.l.o.FileOutputCommitter - FileOutputCommitter skip cleanup _temporary folders under output directory:false, ignore cleanup failures: false
[2022-04-26T06:52:14,185] [INFO ] o.a.h.m.l.o.FileOutputCommitter - FileOutputCommitter skip cleanup _temporary folders under output directory:false, ignore cleanup failures: false
[2022-04-26T06:52:14,943] [ERROR] o.t.s.c.c.ConfigurableClassLoader - META-INF/services/org.xml.sax.driver shouldn't be provided outside the JVM itself, origin=jar:file:/opt/talend/connectors/xerces/xercesImpl/2.12.0/xercesImpl-2.12.0.jar!/META-INF/services/org.xml.sax.driver
[2022-04-26T06:52:14,960] [ERROR] o.t.s.c.c.ConfigurableClassLoader - META-INF/services/org.xml.sax.driver shouldn't be provided outside the JVM itself, origin=jar:file:/opt/talend/connectors/xerces/xercesImpl/2.12.0/xercesImpl-2.12.0.jar!/META-INF/services/org.xml.sax.driver
[2022-04-26T06:52:15,758] [ERROR] o.t.s.c.c.ConfigurableClassLoader - META-INF/services/org.xml.sax.driver shouldn't be provided outside the JVM itself, origin=jar:file:/opt/talend/connectors/xerces/xercesImpl/2.12.0/xercesImpl-2.12.0.jar!/META-INF/services/org.xml.sax.driver
[2022-04-26T06:52:15,767] [INFO ] o.a.s.e.Executor - Finished task 1.0 in stage 4.0 (TID 8). 20722 bytes result sent to driver
[2022-04-26T06:52:15,769] [INFO ] o.a.s.s.TaskSetManager - Finished task 1.0 in stage 4.0 (TID 8) in 2418 ms on pipeline-runner-3c997315-5c92-4568-8508-76ee94b0d184-ng8c7 (executor driver) (1/2)
[2022-04-26T06:52:15,802] [ERROR] o.t.s.c.c.ConfigurableClassLoader - META-INF/services/org.xml.sax.driver shouldn't be provided outside the JVM itself, origin=jar:file:/opt/talend/connectors/xerces/xercesImpl/2.12.0/xercesImpl-2.12.0.jar!/META-INF/services/org.xml.sax.driver
[2022-04-26T06:52:15,807] [INFO ] o.a.s.e.Executor - Finished task 0.0 in stage 4.0 (TID 7). 20723 bytes result sent to driver
[2022-04-26T06:52:15,809] [INFO ] o.a.s.s.TaskSetManager - Finished task 0.0 in stage 4.0 (TID 7) in 2459 ms on pipeline-runner-3c997315-5c92-4568-8508-76ee94b0d184-ng8c7 (executor driver) (2/2)
[2022-04-26T06:52:15,809] [INFO ] o.a.s.s.TaskSchedulerImpl - Removed TaskSet 4.0, whose tasks have all completed, from pool 
[2022-04-26T06:52:15,810] [INFO ] o.a.s.s.DAGScheduler - ResultStage 4 (collect at BoundedDataset.java:96) finished in 2.514 s
[2022-04-26T06:52:15,810] [INFO ] o.a.s.s.DAGScheduler - Job 2 is finished. Cancelling potential speculative or zombie tasks for this job
[2022-04-26T06:52:15,810] [INFO ] o.a.s.s.TaskSchedulerImpl - Killing all running tasks in stage 4: Stage finished
[2022-04-26T06:52:15,811] [INFO ] o.a.s.s.DAGScheduler - Job 2 finished: collect at BoundedDataset.java:96, took 23.753066 s
[2022-04-26T06:52:15,814] [INFO ] o.a.b.r.s.SparkRunner$Evaluator - Evaluating org.talend.components.fileio.runtime.beamcopy.Write$Bound$2@7ec594eb
[2022-04-26T06:52:15,822] [INFO ] o.a.s.SparkContext - Created broadcast 6 from broadcast at SideInputBroadcast.java:62
[2022-04-26T06:52:15,855] [INFO ] o.a.s.SparkContext - Starting job: foreach at BoundedDataset.java:127
[2022-04-26T06:52:15,858] [INFO ] o.a.s.s.DAGScheduler - Got job 3 (foreach at BoundedDataset.java:127) with 2 output partitions
[2022-04-26T06:52:15,858] [INFO ] o.a.s.s.DAGScheduler - Final stage: ResultStage 7 (foreach at BoundedDataset.java:127)
[2022-04-26T06:52:15,858] [INFO ] o.a.s.s.DAGScheduler - Parents of final stage: List(ShuffleMapStage 6)
[2022-04-26T06:52:15,859] [INFO ] o.a.s.s.DAGScheduler - Missing parents: List()
[2022-04-26T06:52:15,860] [INFO ] o.a.s.s.DAGScheduler - Submitting ResultStage 7 (4/Output_LocalStorageOutput/Write/View.AsIterable/MapElements/Map/ParMultiDo(Anonymous).output MapPartitionsRDD[122] at values at TransformTranslator.java:434), which has no missing parents
[2022-04-26T06:52:15,865] [INFO ] o.a.s.SparkContext - Created broadcast 7 from broadcast at DAGScheduler.scala:1427
[2022-04-26T06:52:15,866] [INFO ] o.a.s.s.DAGScheduler - Submitting 2 missing tasks from ResultStage 7 (4/Output_LocalStorageOutput/Write/View.AsIterable/MapElements/Map/ParMultiDo(Anonymous).output MapPartitionsRDD[122] at values at TransformTranslator.java:434) (first 15 tasks are for partitions Vector(0, 1))
[2022-04-26T06:52:15,866] [INFO ] o.a.s.s.TaskSchedulerImpl - Adding task set 7.0 with 2 tasks resource profile 0
[2022-04-26T06:52:15,868] [INFO ] o.a.s.s.TaskSetManager - Starting task 0.0 in stage 7.0 (TID 9) (pipeline-runner-3c997315-5c92-4568-8508-76ee94b0d184-ng8c7, executor driver, partition 0, PROCESS_LOCAL, 4271 bytes) taskResourceAssignments Map()
[2022-04-26T06:52:15,868] [INFO ] o.a.s.s.TaskSetManager - Starting task 1.0 in stage 7.0 (TID 10) (pipeline-runner-3c997315-5c92-4568-8508-76ee94b0d184-ng8c7, executor driver, partition 1, PROCESS_LOCAL, 4271 bytes) taskResourceAssignments Map()
[2022-04-26T06:52:15,869] [INFO ] o.a.s.e.Executor - Running task 0.0 in stage 7.0 (TID 9)
[2022-04-26T06:52:15,869] [INFO ] o.a.s.e.Executor - Running task 1.0 in stage 7.0 (TID 10)
[2022-04-26T06:52:15,876] [INFO ] o.a.b.s.i.a.s.DefaultS3ClientBuilderFactory - The AWS S3 Beam extension was included in this build, but the awsRegion flag was not specified. If you don't plan to use S3, then ignore this message.
[2022-04-26T06:52:15,948] [INFO ] o.a.b.s.i.a.s.DefaultS3ClientBuilderFactory - The AWS S3 Beam extension was included in this build, but the awsRegion flag was not specified. If you don't plan to use S3, then ignore this message.
[2022-04-26T06:52:15,955] [INFO ] o.a.s.e.Executor - Finished task 0.0 in stage 7.0 (TID 9). 8095 bytes result sent to driver
[2022-04-26T06:52:15,957] [INFO ] o.a.s.s.TaskSetManager - Finished task 0.0 in stage 7.0 (TID 9) in 90 ms on pipeline-runner-3c997315-5c92-4568-8508-76ee94b0d184-ng8c7 (executor driver) (1/2)
[2022-04-26T06:52:15,959] [INFO ] o.a.s.e.Executor - Finished task 1.0 in stage 7.0 (TID 10). 8095 bytes result sent to driver
[2022-04-26T06:52:15,960] [INFO ] o.a.s.s.TaskSetManager - Finished task 1.0 in stage 7.0 (TID 10) in 92 ms on pipeline-runner-3c997315-5c92-4568-8508-76ee94b0d184-ng8c7 (executor driver) (2/2)
[2022-04-26T06:52:15,960] [INFO ] o.a.s.s.TaskSchedulerImpl - Removed TaskSet 7.0, whose tasks have all completed, from pool 
[2022-04-26T06:52:15,961] [INFO ] o.a.s.s.DAGScheduler - ResultStage 7 (foreach at BoundedDataset.java:127) finished in 0.099 s
[2022-04-26T06:52:15,961] [INFO ] o.a.s.s.DAGScheduler - Job 3 is finished. Cancelling potential speculative or zombie tasks for this job
[2022-04-26T06:52:15,961] [INFO ] o.a.s.s.TaskSchedulerImpl - Killing all running tasks in stage 7: Stage finished
[2022-04-26T06:52:15,961] [INFO ] o.a.s.s.DAGScheduler - Job 3 finished: foreach at BoundedDataset.java:127, took 0.105796 s
[2022-04-26T06:52:15,967] [INFO ] o.a.s.SparkContext - Starting job: foreach at BoundedDataset.java:127
[2022-04-26T06:52:15,968] [INFO ] o.a.s.s.DAGScheduler - Got job 4 (foreach at BoundedDataset.java:127) with 1 output partitions
[2022-04-26T06:52:15,968] [INFO ] o.a.s.s.DAGScheduler - Final stage: ResultStage 8 (foreach at BoundedDataset.java:127)
[2022-04-26T06:52:15,968] [INFO ] o.a.s.s.DAGScheduler - Parents of final stage: List()
[2022-04-26T06:52:15,969] [INFO ] o.a.s.s.DAGScheduler - Missing parents: List()
[2022-04-26T06:52:15,969] [INFO ] o.a.s.s.DAGScheduler - Submitting ResultStage 8 (4/Output_LocalStorageOutput/Write/Finalize/ParMultiDo(Anonymous).output MapPartitionsRDD[126] at values at TransformTranslator.java:434), which has no missing parents
[2022-04-26T06:52:15,973] [INFO ] o.a.s.SparkContext - Created broadcast 8 from broadcast at DAGScheduler.scala:1427
[2022-04-26T06:52:15,973] [INFO ] o.a.s.s.DAGScheduler - Submitting 1 missing tasks from ResultStage 8 (4/Output_LocalStorageOutput/Write/Finalize/ParMultiDo(Anonymous).output MapPartitionsRDD[126] at values at TransformTranslator.java:434) (first 15 tasks are for partitions Vector(0))
[2022-04-26T06:52:15,973] [INFO ] o.a.s.s.TaskSchedulerImpl - Adding task set 8.0 with 1 tasks resource profile 0
[2022-04-26T06:52:15,975] [INFO ] o.a.s.s.TaskSetManager - Starting task 0.0 in stage 8.0 (TID 11) (pipeline-runner-3c997315-5c92-4568-8508-76ee94b0d184-ng8c7, executor driver, partition 0, PROCESS_LOCAL, 8244 bytes) taskResourceAssignments Map()
[2022-04-26T06:52:16,044] [INFO ] o.a.s.e.Executor - Running task 0.0 in stage 8.0 (TID 11)
[2022-04-26T06:52:16,050] [INFO ] o.a.b.s.i.a.s.DefaultS3ClientBuilderFactory - The AWS S3 Beam extension was included in this build, but the awsRegion flag was not specified. If you don't plan to use S3, then ignore this message.
[2022-04-26T06:52:16,058] [INFO ] o.t.c.f.r.b.Write - Finalizing write operation org.talend.components.fileio.runtime.sinks.UgiFileSinkBase$UgiWriteOperation@5af74d5c.
[2022-04-26T06:52:16,288] [ERROR] o.t.s.c.c.ConfigurableClassLoader - META-INF/services/org.xml.sax.driver shouldn't be provided outside the JVM itself, origin=jar:file:/opt/talend/connectors/xerces/xercesImpl/2.12.0/xercesImpl-2.12.0.jar!/META-INF/services/org.xml.sax.driver
[2022-04-26T06:52:16,290] [INFO ] o.a.h.m.l.o.FileOutputCommitter - File Output Committer Algorithm version is 2
[2022-04-26T06:52:16,290] [INFO ] o.a.h.m.l.o.FileOutputCommitter - FileOutputCommitter skip cleanup _temporary folders under output directory:false, ignore cleanup failures: false
[2022-04-26T06:52:16,776] [ERROR] o.t.s.c.c.ConfigurableClassLoader - META-INF/services/org.xml.sax.driver shouldn't be provided outside the JVM itself, origin=jar:file:/opt/talend/connectors/xerces/xercesImpl/2.12.0/xercesImpl-2.12.0.jar!/META-INF/services/org.xml.sax.driver
[2022-04-26T06:52:16,972] [INFO ] o.t.d.b.c.m.MetricsHttpSink - Skipping CSRF token request for metrics push back
[2022-04-26T06:52:17,043] [ERROR] o.t.s.c.c.ConfigurableClassLoader - META-INF/services/org.xml.sax.driver shouldn't be provided outside the JVM itself, origin=jar:file:/opt/talend/connectors/xerces/xercesImpl/2.12.0/xercesImpl-2.12.0.jar!/META-INF/services/org.xml.sax.driver
[2022-04-26T06:52:17,141] [ERROR] o.t.s.c.c.ConfigurableClassLoader - META-INF/services/org.xml.sax.driver shouldn't be provided outside the JVM itself, origin=jar:file:/opt/talend/connectors/xerces/xercesImpl/2.12.0/xercesImpl-2.12.0.jar!/META-INF/services/org.xml.sax.driver
[2022-04-26T06:52:17,202] [ERROR] o.t.s.c.c.ConfigurableClassLoader - META-INF/services/org.xml.sax.driver shouldn't be provided outside the JVM itself, origin=jar:file:/opt/talend/connectors/xerces/xercesImpl/2.12.0/xercesImpl-2.12.0.jar!/META-INF/services/org.xml.sax.driver
[2022-04-26T06:52:17,272] [ERROR] o.t.s.c.c.ConfigurableClassLoader - META-INF/services/org.xml.sax.driver shouldn't be provided outside the JVM itself, origin=jar:file:/opt/talend/connectors/xerces/xercesImpl/2.12.0/xercesImpl-2.12.0.jar!/META-INF/services/org.xml.sax.driver
[2022-04-26T06:52:17,343] [ERROR] o.t.s.c.c.ConfigurableClassLoader - META-INF/services/org.xml.sax.driver shouldn't be provided outside the JVM itself, origin=jar:file:/opt/talend/connectors/xerces/xercesImpl/2.12.0/xercesImpl-2.12.0.jar!/META-INF/services/org.xml.sax.driver
[2022-04-26T06:52:17,405] [ERROR] o.t.s.c.c.ConfigurableClassLoader - META-INF/services/org.xml.sax.driver shouldn't be provided outside the JVM itself, origin=jar:file:/opt/talend/connectors/xerces/xercesImpl/2.12.0/xercesImpl-2.12.0.jar!/META-INF/services/org.xml.sax.driver
[2022-04-26T06:52:17,406] [INFO ] o.t.c.f.r.b.ConfigurableHDFSFileSink - Start to merge files in s3a://eu-central-1-minio-production/repositories/66e529dd-49f4-4237-8a57-121e4f4d4111/dataset/local_storage/595bdb30-94c5-438b-97ce-4910bb290caf to s3a://eu-central-1-minio-production/repositories/66e529dd-49f4-4237-8a57-121e4f4d4111/dataset/local_storage/595bdb30-94c5-438b-97ce-4910bb290caf/part-r-merged
[2022-04-26T06:52:17,468] [ERROR] o.t.s.c.c.ConfigurableClassLoader - META-INF/services/org.xml.sax.driver shouldn't be provided outside the JVM itself, origin=jar:file:/opt/talend/connectors/xerces/xercesImpl/2.12.0/xercesImpl-2.12.0.jar!/META-INF/services/org.xml.sax.driver
[2022-04-26T06:52:17,550] [ERROR] o.t.s.c.c.ConfigurableClassLoader - META-INF/services/org.xml.sax.driver shouldn't be provided outside the JVM itself, origin=jar:file:/opt/talend/connectors/xerces/xercesImpl/2.12.0/xercesImpl-2.12.0.jar!/META-INF/services/org.xml.sax.driver
[2022-04-26T06:52:17,632] [ERROR] o.t.s.c.c.ConfigurableClassLoader - META-INF/services/org.xml.sax.driver shouldn't be provided outside the JVM itself, origin=jar:file:/opt/talend/connectors/xerces/xercesImpl/2.12.0/xercesImpl-2.12.0.jar!/META-INF/services/org.xml.sax.driver
[2022-04-26T06:52:17,691] [ERROR] o.t.s.c.c.ConfigurableClassLoader - META-INF/services/org.xml.sax.driver shouldn't be provided outside the JVM itself, origin=jar:file:/opt/talend/connectors/xerces/xercesImpl/2.12.0/xercesImpl-2.12.0.jar!/META-INF/services/org.xml.sax.driver
[2022-04-26T06:52:18,154] [ERROR] o.t.s.c.c.ConfigurableClassLoader - META-INF/services/org.xml.sax.driver shouldn't be provided outside the JVM itself, origin=jar:file:/opt/talend/connectors/xerces/xercesImpl/2.12.0/xercesImpl-2.12.0.jar!/META-INF/services/org.xml.sax.driver
[2022-04-26T06:52:18,156] [INFO ] o.t.c.f.r.b.ConfigurableHDFSFileSink - Merge files in s3a://eu-central-1-minio-production/repositories/66e529dd-49f4-4237-8a57-121e4f4d4111/dataset/local_storage/595bdb30-94c5-438b-97ce-4910bb290caf to s3a://eu-central-1-minio-production/repositories/66e529dd-49f4-4237-8a57-121e4f4d4111/dataset/local_storage/595bdb30-94c5-438b-97ce-4910bb290caf/part-r-merged successful, start to delete the source files.
[2022-04-26T06:52:18,340] [ERROR] o.t.s.c.c.ConfigurableClassLoader - META-INF/services/org.xml.sax.driver shouldn't be provided outside the JVM itself, origin=jar:file:/opt/talend/connectors/xerces/xercesImpl/2.12.0/xercesImpl-2.12.0.jar!/META-INF/services/org.xml.sax.driver
[2022-04-26T06:52:18,499] [ERROR] o.t.s.c.c.ConfigurableClassLoader - META-INF/services/org.xml.sax.driver shouldn't be provided outside the JVM itself, origin=jar:file:/opt/talend/connectors/xerces/xercesImpl/2.12.0/xercesImpl-2.12.0.jar!/META-INF/services/org.xml.sax.driver
[2022-04-26T06:52:18,500] [INFO ] o.t.c.f.r.b.ConfigurableHDFSFileSink - Starting to rename s3a://eu-central-1-minio-production/repositories/66e529dd-49f4-4237-8a57-121e4f4d4111/dataset/local_storage/595bdb30-94c5-438b-97ce-4910bb290caf/part-r-merged to s3a://eu-central-1-minio-production/repositories/66e529dd-49f4-4237-8a57-121e4f4d4111/dataset/local_storage/595bdb30-94c5-438b-97ce-4910bb290caf
[2022-04-26T06:52:18,595] [ERROR] o.t.s.c.c.ConfigurableClassLoader - META-INF/services/org.xml.sax.driver shouldn't be provided outside the JVM itself, origin=jar:file:/opt/talend/connectors/xerces/xercesImpl/2.12.0/xercesImpl-2.12.0.jar!/META-INF/services/org.xml.sax.driver
[2022-04-26T06:52:18,670] [ERROR] o.t.s.c.c.ConfigurableClassLoader - META-INF/services/org.xml.sax.driver shouldn't be provided outside the JVM itself, origin=jar:file:/opt/talend/connectors/xerces/xercesImpl/2.12.0/xercesImpl-2.12.0.jar!/META-INF/services/org.xml.sax.driver
[2022-04-26T06:52:18,952] [ERROR] o.t.s.c.c.ConfigurableClassLoader - META-INF/services/org.xml.sax.driver shouldn't be provided outside the JVM itself, origin=jar:file:/opt/talend/connectors/xerces/xercesImpl/2.12.0/xercesImpl-2.12.0.jar!/META-INF/services/org.xml.sax.driver
[2022-04-26T06:52:19,229] [ERROR] o.t.s.c.c.ConfigurableClassLoader - META-INF/services/org.xml.sax.driver shouldn't be provided outside the JVM itself, origin=jar:file:/opt/talend/connectors/xerces/xercesImpl/2.12.0/xercesImpl-2.12.0.jar!/META-INF/services/org.xml.sax.driver
[2022-04-26T06:52:19,304] [ERROR] o.t.s.c.c.ConfigurableClassLoader - META-INF/services/org.xml.sax.driver shouldn't be provided outside the JVM itself, origin=jar:file:/opt/talend/connectors/xerces/xercesImpl/2.12.0/xercesImpl-2.12.0.jar!/META-INF/services/org.xml.sax.driver
[2022-04-26T06:52:19,385] [ERROR] o.t.s.c.c.ConfigurableClassLoader - META-INF/services/org.xml.sax.driver shouldn't be provided outside the JVM itself, origin=jar:file:/opt/talend/connectors/xerces/xercesImpl/2.12.0/xercesImpl-2.12.0.jar!/META-INF/services/org.xml.sax.driver
[2022-04-26T06:52:19,434] [ERROR] o.t.s.c.c.ConfigurableClassLoader - META-INF/services/org.xml.sax.driver shouldn't be provided outside the JVM itself, origin=jar:file:/opt/talend/connectors/xerces/xercesImpl/2.12.0/xercesImpl-2.12.0.jar!/META-INF/services/org.xml.sax.driver
[2022-04-26T06:52:19,572] [ERROR] o.t.s.c.c.ConfigurableClassLoader - META-INF/services/org.xml.sax.driver shouldn't be provided outside the JVM itself, origin=jar:file:/opt/talend/connectors/xerces/xercesImpl/2.12.0/xercesImpl-2.12.0.jar!/META-INF/services/org.xml.sax.driver
[2022-04-26T06:52:19,651] [ERROR] o.t.s.c.c.ConfigurableClassLoader - META-INF/services/org.xml.sax.driver shouldn't be provided outside the JVM itself, origin=jar:file:/opt/talend/connectors/xerces/xercesImpl/2.12.0/xercesImpl-2.12.0.jar!/META-INF/services/org.xml.sax.driver
[2022-04-26T06:52:19,752] [ERROR] o.t.s.c.c.ConfigurableClassLoader - META-INF/services/org.xml.sax.driver shouldn't be provided outside the JVM itself, origin=jar:file:/opt/talend/connectors/xerces/xercesImpl/2.12.0/xercesImpl-2.12.0.jar!/META-INF/services/org.xml.sax.driver
[2022-04-26T06:52:19,818] [ERROR] o.t.s.c.c.ConfigurableClassLoader - META-INF/services/org.xml.sax.driver shouldn't be provided outside the JVM itself, origin=jar:file:/opt/talend/connectors/xerces/xercesImpl/2.12.0/xercesImpl-2.12.0.jar!/META-INF/services/org.xml.sax.driver
[2022-04-26T06:52:19,996] [ERROR] o.t.s.c.c.ConfigurableClassLoader - META-INF/services/org.xml.sax.driver shouldn't be provided outside the JVM itself, origin=jar:file:/opt/talend/connectors/xerces/xercesImpl/2.12.0/xercesImpl-2.12.0.jar!/META-INF/services/org.xml.sax.driver
[2022-04-26T06:52:20,058] [INFO ] o.a.s.e.Executor - Finished task 0.0 in stage 8.0 (TID 11). 8115 bytes result sent to driver
[2022-04-26T06:52:20,060] [INFO ] o.a.s.s.TaskSetManager - Finished task 0.0 in stage 8.0 (TID 11) in 4085 ms on pipeline-runner-3c997315-5c92-4568-8508-76ee94b0d184-ng8c7 (executor driver) (1/1)
[2022-04-26T06:52:20,060] [INFO ] o.a.s.s.TaskSchedulerImpl - Removed TaskSet 8.0, whose tasks have all completed, from pool 
[2022-04-26T06:52:20,060] [INFO ] o.a.s.s.DAGScheduler - ResultStage 8 (foreach at BoundedDataset.java:127) finished in 4.090 s
[2022-04-26T06:52:20,061] [INFO ] o.a.s.s.DAGScheduler - Job 4 is finished. Cancelling potential speculative or zombie tasks for this job
[2022-04-26T06:52:20,061] [INFO ] o.a.s.s.TaskSchedulerImpl - Killing all running tasks in stage 8: Stage finished
[2022-04-26T06:52:20,061] [INFO ] o.a.s.s.DAGScheduler - Job 4 finished: foreach at BoundedDataset.java:127, took 4.093304 s
[2022-04-26T06:52:20,061] [INFO ] o.a.b.r.s.SparkRunner - Batch pipeline execution complete.
[2022-04-26T06:52:20,062] [INFO ] o.t.d.b.c.BeamJob - Write end of job metrics
[2022-04-26T06:52:20,063] [INFO ] o.t.d.b.c.m.MetricsUtils - ----------End-of-Job Metrics----------
[2022-04-26T06:52:20,063] [INFO ] o.t.d.b.c.m.MetricsUtils - Records read: 200
[2022-04-26T06:52:20,063] [INFO ] o.t.d.b.c.m.MetricsUtils - Records produced: 200
[2022-04-26T06:52:20,063] [INFO ] o.t.d.b.c.m.MetricsUtils - Data read (bytes): 13592
[2022-04-26T06:52:20,063] [INFO ] o.t.d.b.c.m.MetricsUtils - Data produced (bytes): 9744
[2022-04-26T06:52:20,063] [INFO ] o.t.d.b.c.m.MetricsUtils - --------------------------------------
[2022-04-26T06:52:20,063] [INFO ] o.t.d.b.c.BeamJob - Pipeline result state : DONE
[2022-04-26T06:52:20,065] [INFO ] o.t.d.b.c.m.MetricsHttpSink - Skipping CSRF token request for metrics push back
[2022-04-26T06:52:20,089] [INFO ] o.t.d.b.c.BeamJob - Shutting down client
[2022-04-26T06:52:20,089] [INFO ] o.t.d.b.c.r.ServerSocketAvroSchemaRegistry - Shutdown registry containing {SchemaRegistry33={"type":"record","name":"join_union6950103181088072431_union_4399477004391899434","doc":"","fields":[{"name":"account_id","type":["string","null"],"doc":"","default":""},{"name":"account_holder_name","type":["string","null"],"doc":"","default":""},{"name":"iban","type":["string","null"],"doc":"","default":""}]}, SchemaRegistry15={"type":"record","name":"nullableSIMPLERECORD","doc":"","fields":[{"name":"input","type":[{"type":"record","name":"SIMPLERECORD","fields":[{"name":"account_id","type":"string"},{"name":"account_holder_id","type":"string"},{"name":"account_holder_name","type":"string"},{"name":"iban","type":"string"},{"name":"bic","type":"string"},{"name":"balance","type":"string"},{"name":"currency_code","type":"string"},{"name":"product_id","type":"string"}]},"null"],"doc":"","default":""}]}, SchemaRegistry16={"type":"record","name":"nullableSIMPLERECORD","doc":"","fields":[{"name":"input","type":[{"type":"record","name":"SIMPLERECORD","fields":[{"name":"account_id","type":"string"},{"name":"transaction_id","type":"string"},{"name":"reason_for_payment","type":"string"},{"name":"transaction_text","type":"string"},{"name":"amount","type":"string"},{"name":"number_of_decimals","type":"string"},{"name":"direction","type":"string"},{"name":"currency_code","type":"string"},{"name":"booking_status","type":"string"},{"name":"booking_date","type":"string"},{"name":"value_date","type":"string"},{"name":"is_returnable","type":"string"}]},"null"],"doc":"","default":""}]}, SchemaRegistry14={"type":"record","name":"keySchema_ad1969be_1a1b_4218_b7e8_86c1447d5e92","doc":"","fields":[{"name":"field_0","type":["string","null"],"doc":"","default":null}]}}
[2022-04-26T06:52:20,095] [INFO ] o.a.s.SparkContext - Invoking stop() from shutdown hook
[2022-04-26T06:52:20,102] [INFO ] o.s.j.s.AbstractConnector - Stopped Spark@5fdef28a{HTTP/1.1, (http/1.1)}{0.0.0.0:4040}
[2022-04-26T06:52:20,104] [INFO ] o.a.s.u.SparkUI - Stopped Spark web UI at http://pipeline-runner-3c997315-5c92-4568-8508-76ee94b0d184-ng8c7:4040
[2022-04-26T06:52:20,149] [INFO ] o.a.s.MapOutputTrackerMasterEndpoint - MapOutputTrackerMasterEndpoint stopped!
[2022-04-26T06:52:20,163] [INFO ] o.a.s.s.OutputCommitCoordinator$OutputCommitCoordinatorEndpoint - OutputCommitCoordinator stopped!
[2022-04-26T06:52:20,168] [INFO ] o.a.s.SparkContext - Successfully stopped SparkContext
[2022-04-26T06:52:20,168] [INFO ] o.a.s.u.ShutdownHookManager - Shutdown hook called
[2022-04-26T06:52:20,169] [INFO ] o.a.s.u.ShutdownHookManager - Deleting directory /tmp/spark-ba407c74-a9a8-4e7d-8fbd-e8f5af2621fd
[2022-04-26T06:52:20,246] [INFO ] o.t.s.c.c.ContainerManager - Closed container processing-beam
[2022-04-26T06:52:20,252] [INFO ] o.t.s.c.c.ContainerManager - Closed container localstorage
[2022-04-26T06:52:20,252] [INFO ] o.t.s.c.r.m.ComponentManager - Released the contextual ComponentManager instance (classloader=jdk.internal.loader.ClassLoaders$AppClassLoader@14dad5dc, jvm=1@pipeline-runner-3c997315-5c92-4568-8508-76ee94b0d184-ng8c7)